[0.437s] Invoking command in '/home/mustafa/ros2_ws/src/my_py_pkg': DEBUGINFOD_URLS=https://debuginfod.ubuntu.com PYTHONPATH=/home/mustafa/ros2_ws/build/my_py_pkg/prefix_override:/usr/lib/python3/dist-packages/colcon_core/task/python/colcon_distutils_commands:/home/mustafa/ros2_ws/install/my_py_pkg/lib/python3.12/site-packages:/home/mustafa/ros2_ws/install/my_robot_interfaces/lib/python3.12/site-packages:/home/mustafa/ros2_ws/install/my_py_pkg/lib/python3.12/site-packages:/opt/ros/jazzy/lib/python3.12/site-packages /usr/bin/python3 -W ignore:setup.py install is deprecated -W ignore:easy_install command is deprecated setup.py egg_info --egg-base ../../build/my_py_pkg build --build-base /home/mustafa/ros2_ws/build/my_py_pkg/build install --record /home/mustafa/ros2_ws/build/my_py_pkg/install.log --single-version-externally-managed install_data
[0.576s] running egg_info
[0.584s] writing ../../build/my_py_pkg/my_py_pkg.egg-info/PKG-INFO
[0.584s] writing dependency_links to ../../build/my_py_pkg/my_py_pkg.egg-info/dependency_links.txt
[0.585s] writing entry points to ../../build/my_py_pkg/my_py_pkg.egg-info/entry_points.txt
[0.585s] writing requirements to ../../build/my_py_pkg/my_py_pkg.egg-info/requires.txt
[0.585s] writing top-level names to ../../build/my_py_pkg/my_py_pkg.egg-info/top_level.txt
[0.603s] reading manifest file '../../build/my_py_pkg/my_py_pkg.egg-info/SOURCES.txt'
[0.603s] writing manifest file '../../build/my_py_pkg/my_py_pkg.egg-info/SOURCES.txt'
[0.603s] running build
[0.603s] running build_py
[0.603s] copying my_py_pkg/battery_node.py -> /home/mustafa/ros2_ws/build/my_py_pkg/build/lib/my_py_pkg
[0.603s] running install
[0.607s] running install_lib
[0.616s] copying /home/mustafa/ros2_ws/build/my_py_pkg/build/lib/my_py_pkg/battery_node.py -> /home/mustafa/ros2_ws/install/my_py_pkg/lib/python3.12/site-packages/my_py_pkg
[0.616s] byte-compiling /home/mustafa/ros2_ws/install/my_py_pkg/lib/python3.12/site-packages/my_py_pkg/battery_node.py to battery_node.cpython-312.pyc
[0.617s] running install_data
[0.617s] running install_egg_info
[0.626s] removing '/home/mustafa/ros2_ws/install/my_py_pkg/lib/python3.12/site-packages/my_py_pkg-0.0.0-py3.12.egg-info' (and everything under it)
[0.626s] Copying ../../build/my_py_pkg/my_py_pkg.egg-info to /home/mustafa/ros2_ws/install/my_py_pkg/lib/python3.12/site-packages/my_py_pkg-0.0.0-py3.12.egg-info
[0.627s] running install_scripts
[0.690s] Installing add_two_ints_client script to /home/mustafa/ros2_ws/install/my_py_pkg/lib/my_py_pkg
[0.690s] Installing add_two_ints_client_no_oop script to /home/mustafa/ros2_ws/install/my_py_pkg/lib/my_py_pkg
[0.690s] Installing add_two_ints_server script to /home/mustafa/ros2_ws/install/my_py_pkg/lib/my_py_pkg
[0.690s] Installing battery_node script to /home/mustafa/ros2_ws/install/my_py_pkg/lib/my_py_pkg
[0.690s] Installing hw_status_pub script to /home/mustafa/ros2_ws/install/my_py_pkg/lib/my_py_pkg
[0.690s] Installing led_panel_node script to /home/mustafa/ros2_ws/install/my_py_pkg/lib/my_py_pkg
[0.690s] Installing num_pub script to /home/mustafa/ros2_ws/install/my_py_pkg/lib/my_py_pkg
[0.690s] Installing num_sub script to /home/mustafa/ros2_ws/install/my_py_pkg/lib/my_py_pkg
[0.690s] Installing py_node script to /home/mustafa/ros2_ws/install/my_py_pkg/lib/my_py_pkg
[0.690s] Installing robot_news_station script to /home/mustafa/ros2_ws/install/my_py_pkg/lib/my_py_pkg
[0.690s] Installing smartphone script to /home/mustafa/ros2_ws/install/my_py_pkg/lib/my_py_pkg
[0.691s] writing list of installed files to '/home/mustafa/ros2_ws/build/my_py_pkg/install.log'
[0.706s] Invoked command in '/home/mustafa/ros2_ws/src/my_py_pkg' returned '0': DEBUGINFOD_URLS=https://debuginfod.ubuntu.com PYTHONPATH=/home/mustafa/ros2_ws/build/my_py_pkg/prefix_override:/usr/lib/python3/dist-packages/colcon_core/task/python/colcon_distutils_commands:/home/mustafa/ros2_ws/install/my_py_pkg/lib/python3.12/site-packages:/home/mustafa/ros2_ws/install/my_robot_interfaces/lib/python3.12/site-packages:/home/mustafa/ros2_ws/install/my_py_pkg/lib/python3.12/site-packages:/opt/ros/jazzy/lib/python3.12/site-packages /usr/bin/python3 -W ignore:setup.py install is deprecated -W ignore:easy_install command is deprecated setup.py egg_info --egg-base ../../build/my_py_pkg build --build-base /home/mustafa/ros2_ws/build/my_py_pkg/build install --record /home/mustafa/ros2_ws/build/my_py_pkg/install.log --single-version-externally-managed install_data
