[0.504s] Invoking command in '/home/mustafa/ros2_ws/src/my_py_pkg': DEBUGINFOD_URLS=https://debuginfod.ubuntu.com PYTHONPATH=/home/mustafa/ros2_ws/build/my_py_pkg/prefix_override:/usr/lib/python3/dist-packages/colcon_core/task/python/colcon_distutils_commands:/home/mustafa/ros2_ws/install/my_py_pkg/lib/python3.12/site-packages:/home/mustafa/ros2_ws/install/my_robot_interfaces/lib/python3.12/site-packages:/home/mustafa/ros2_ws/install/my_py_pkg/lib/python3.12/site-packages:/opt/ros/jazzy/lib/python3.12/site-packages /usr/bin/python3 -W ignore:setup.py install is deprecated -W ignore:easy_install command is deprecated setup.py egg_info --egg-base ../../build/my_py_pkg build --build-base /home/mustafa/ros2_ws/build/my_py_pkg/build install --record /home/mustafa/ros2_ws/build/my_py_pkg/install.log --single-version-externally-managed install_data
[0.640s] running egg_info
[0.648s] writing ../../build/my_py_pkg/my_py_pkg.egg-info/PKG-INFO
[0.653s] writing dependency_links to ../../build/my_py_pkg/my_py_pkg.egg-info/dependency_links.txt
[0.654s] writing entry points to ../../build/my_py_pkg/my_py_pkg.egg-info/entry_points.txt
[0.654s] writing requirements to ../../build/my_py_pkg/my_py_pkg.egg-info/requires.txt
[0.654s] writing top-level names to ../../build/my_py_pkg/my_py_pkg.egg-info/top_level.txt
[0.672s] reading manifest file '../../build/my_py_pkg/my_py_pkg.egg-info/SOURCES.txt'
[0.673s] writing manifest file '../../build/my_py_pkg/my_py_pkg.egg-info/SOURCES.txt'
[0.673s] running build
[0.673s] running build_py
[0.674s] copying my_py_pkg/robot_news_station.py -> /home/mustafa/ros2_ws/build/my_py_pkg/build/lib/my_py_pkg
[0.674s] running install
[0.678s] running install_lib
[0.686s] copying /home/mustafa/ros2_ws/build/my_py_pkg/build/lib/my_py_pkg/robot_news_station.py -> /home/mustafa/ros2_ws/install/my_py_pkg/lib/python3.12/site-packages/my_py_pkg
[0.687s] byte-compiling /home/mustafa/ros2_ws/install/my_py_pkg/lib/python3.12/site-packages/my_py_pkg/robot_news_station.py to robot_news_station.cpython-312.pyc
[0.687s] running install_data
[0.687s] running install_egg_info
[0.697s] removing '/home/mustafa/ros2_ws/install/my_py_pkg/lib/python3.12/site-packages/my_py_pkg-0.0.0-py3.12.egg-info' (and everything under it)
[0.697s] Copying ../../build/my_py_pkg/my_py_pkg.egg-info to /home/mustafa/ros2_ws/install/my_py_pkg/lib/python3.12/site-packages/my_py_pkg-0.0.0-py3.12.egg-info
[0.698s] running install_scripts
[0.770s] Installing add_two_ints_client script to /home/mustafa/ros2_ws/install/my_py_pkg/lib/my_py_pkg
[0.771s] Installing add_two_ints_client_no_oop script to /home/mustafa/ros2_ws/install/my_py_pkg/lib/my_py_pkg
[0.771s] Installing add_two_ints_server script to /home/mustafa/ros2_ws/install/my_py_pkg/lib/my_py_pkg
[0.771s] Installing battery_node script to /home/mustafa/ros2_ws/install/my_py_pkg/lib/my_py_pkg
[0.771s] Installing hw_status_pub script to /home/mustafa/ros2_ws/install/my_py_pkg/lib/my_py_pkg
[0.771s] Installing led_panel_node script to /home/mustafa/ros2_ws/install/my_py_pkg/lib/my_py_pkg
[0.771s] Installing num_pub script to /home/mustafa/ros2_ws/install/my_py_pkg/lib/my_py_pkg
[0.771s] Installing num_sub script to /home/mustafa/ros2_ws/install/my_py_pkg/lib/my_py_pkg
[0.771s] Installing py_node script to /home/mustafa/ros2_ws/install/my_py_pkg/lib/my_py_pkg
[0.771s] Installing robot_news_station script to /home/mustafa/ros2_ws/install/my_py_pkg/lib/my_py_pkg
[0.771s] Installing smartphone script to /home/mustafa/ros2_ws/install/my_py_pkg/lib/my_py_pkg
[0.771s] writing list of installed files to '/home/mustafa/ros2_ws/build/my_py_pkg/install.log'
[0.789s] Invoked command in '/home/mustafa/ros2_ws/src/my_py_pkg' returned '0': DEBUGINFOD_URLS=https://debuginfod.ubuntu.com PYTHONPATH=/home/mustafa/ros2_ws/build/my_py_pkg/prefix_override:/usr/lib/python3/dist-packages/colcon_core/task/python/colcon_distutils_commands:/home/mustafa/ros2_ws/install/my_py_pkg/lib/python3.12/site-packages:/home/mustafa/ros2_ws/install/my_robot_interfaces/lib/python3.12/site-packages:/home/mustafa/ros2_ws/install/my_py_pkg/lib/python3.12/site-packages:/opt/ros/jazzy/lib/python3.12/site-packages /usr/bin/python3 -W ignore:setup.py install is deprecated -W ignore:easy_install command is deprecated setup.py egg_info --egg-base ../../build/my_py_pkg build --build-base /home/mustafa/ros2_ws/build/my_py_pkg/build install --record /home/mustafa/ros2_ws/build/my_py_pkg/install.log --single-version-externally-managed install_data
