[0.514s] Invoking command in '/home/mustafa/ros2_ws/src/my_py_pkg': DEBUGINFOD_URLS=https://debuginfod.ubuntu.com PYTHONPATH=/home/mustafa/ros2_ws/build/my_py_pkg/prefix_override:/usr/lib/python3/dist-packages/colcon_core/task/python/colcon_distutils_commands:/home/mustafa/ros2_ws/install/my_py_pkg/lib/python3.12/site-packages:/home/mustafa/ros2_ws/install/my_robot_interfaces/lib/python3.12/site-packages:/home/mustafa/ros2_ws/install/my_py_pkg/lib/python3.12/site-packages:/opt/ros/jazzy/lib/python3.12/site-packages /usr/bin/python3 -W ignore:setup.py install is deprecated -W ignore:easy_install command is deprecated setup.py egg_info --egg-base ../../build/my_py_pkg build --build-base /home/mustafa/ros2_ws/build/my_py_pkg/build install --record /home/mustafa/ros2_ws/build/my_py_pkg/install.log --single-version-externally-managed install_data
[0.673s] running egg_info
[0.673s] creating ../../build/my_py_pkg/my_py_pkg.egg-info
[0.683s] writing ../../build/my_py_pkg/my_py_pkg.egg-info/PKG-INFO
[0.683s] writing dependency_links to ../../build/my_py_pkg/my_py_pkg.egg-info/dependency_links.txt
[0.683s] writing entry points to ../../build/my_py_pkg/my_py_pkg.egg-info/entry_points.txt
[0.683s] writing requirements to ../../build/my_py_pkg/my_py_pkg.egg-info/requires.txt
[0.683s] writing top-level names to ../../build/my_py_pkg/my_py_pkg.egg-info/top_level.txt
[0.683s] writing manifest file '../../build/my_py_pkg/my_py_pkg.egg-info/SOURCES.txt'
[0.705s] reading manifest file '../../build/my_py_pkg/my_py_pkg.egg-info/SOURCES.txt'
[0.705s] writing manifest file '../../build/my_py_pkg/my_py_pkg.egg-info/SOURCES.txt'
[0.705s] running build
[0.705s] running build_py
[0.705s] creating /home/mustafa/ros2_ws/build/my_py_pkg/build
[0.705s] creating /home/mustafa/ros2_ws/build/my_py_pkg/build/lib
[0.705s] creating /home/mustafa/ros2_ws/build/my_py_pkg/build/lib/my_py_pkg
[0.705s] copying my_py_pkg/led_panel.py -> /home/mustafa/ros2_ws/build/my_py_pkg/build/lib/my_py_pkg
[0.705s] copying my_py_pkg/add_two_ints_server.py -> /home/mustafa/ros2_ws/build/my_py_pkg/build/lib/my_py_pkg
[0.706s] copying my_py_pkg/robot_news_station.py -> /home/mustafa/ros2_ws/build/my_py_pkg/build/lib/my_py_pkg
[0.706s] copying my_py_pkg/number_counter.py -> /home/mustafa/ros2_ws/build/my_py_pkg/build/lib/my_py_pkg
[0.706s] copying my_py_pkg/hw_status_publisher.py -> /home/mustafa/ros2_ws/build/my_py_pkg/build/lib/my_py_pkg
[0.706s] copying my_py_pkg/template_py_node.py -> /home/mustafa/ros2_ws/build/my_py_pkg/build/lib/my_py_pkg
[0.706s] copying my_py_pkg/my_first_node.py -> /home/mustafa/ros2_ws/build/my_py_pkg/build/lib/my_py_pkg
[0.706s] copying my_py_pkg/__init__.py -> /home/mustafa/ros2_ws/build/my_py_pkg/build/lib/my_py_pkg
[0.706s] copying my_py_pkg/battery_node.py -> /home/mustafa/ros2_ws/build/my_py_pkg/build/lib/my_py_pkg
[0.706s] copying my_py_pkg/add_two_ints_client.py -> /home/mustafa/ros2_ws/build/my_py_pkg/build/lib/my_py_pkg
[0.706s] copying my_py_pkg/smartphone.py -> /home/mustafa/ros2_ws/build/my_py_pkg/build/lib/my_py_pkg
[0.706s] copying my_py_pkg/add_two_ints_client_no_oop.py -> /home/mustafa/ros2_ws/build/my_py_pkg/build/lib/my_py_pkg
[0.706s] copying my_py_pkg/number_publisher.py -> /home/mustafa/ros2_ws/build/my_py_pkg/build/lib/my_py_pkg
[0.706s] running install
[0.710s] running install_lib
[0.720s] creating /home/mustafa/ros2_ws/install/my_py_pkg/lib/python3.12/site-packages/my_py_pkg
[0.721s] copying /home/mustafa/ros2_ws/build/my_py_pkg/build/lib/my_py_pkg/led_panel.py -> /home/mustafa/ros2_ws/install/my_py_pkg/lib/python3.12/site-packages/my_py_pkg
[0.721s] copying /home/mustafa/ros2_ws/build/my_py_pkg/build/lib/my_py_pkg/add_two_ints_server.py -> /home/mustafa/ros2_ws/install/my_py_pkg/lib/python3.12/site-packages/my_py_pkg
[0.721s] copying /home/mustafa/ros2_ws/build/my_py_pkg/build/lib/my_py_pkg/robot_news_station.py -> /home/mustafa/ros2_ws/install/my_py_pkg/lib/python3.12/site-packages/my_py_pkg
[0.721s] copying /home/mustafa/ros2_ws/build/my_py_pkg/build/lib/my_py_pkg/number_counter.py -> /home/mustafa/ros2_ws/install/my_py_pkg/lib/python3.12/site-packages/my_py_pkg
[0.721s] copying /home/mustafa/ros2_ws/build/my_py_pkg/build/lib/my_py_pkg/hw_status_publisher.py -> /home/mustafa/ros2_ws/install/my_py_pkg/lib/python3.12/site-packages/my_py_pkg
[0.721s] copying /home/mustafa/ros2_ws/build/my_py_pkg/build/lib/my_py_pkg/template_py_node.py -> /home/mustafa/ros2_ws/install/my_py_pkg/lib/python3.12/site-packages/my_py_pkg
[0.721s] copying /home/mustafa/ros2_ws/build/my_py_pkg/build/lib/my_py_pkg/my_first_node.py -> /home/mustafa/ros2_ws/install/my_py_pkg/lib/python3.12/site-packages/my_py_pkg
[0.721s] copying /home/mustafa/ros2_ws/build/my_py_pkg/build/lib/my_py_pkg/__init__.py -> /home/mustafa/ros2_ws/install/my_py_pkg/lib/python3.12/site-packages/my_py_pkg
[0.721s] copying /home/mustafa/ros2_ws/build/my_py_pkg/build/lib/my_py_pkg/battery_node.py -> /home/mustafa/ros2_ws/install/my_py_pkg/lib/python3.12/site-packages/my_py_pkg
[0.721s] copying /home/mustafa/ros2_ws/build/my_py_pkg/build/lib/my_py_pkg/add_two_ints_client.py -> /home/mustafa/ros2_ws/install/my_py_pkg/lib/python3.12/site-packages/my_py_pkg
[0.721s] copying /home/mustafa/ros2_ws/build/my_py_pkg/build/lib/my_py_pkg/smartphone.py -> /home/mustafa/ros2_ws/install/my_py_pkg/lib/python3.12/site-packages/my_py_pkg
[0.721s] copying /home/mustafa/ros2_ws/build/my_py_pkg/build/lib/my_py_pkg/add_two_ints_client_no_oop.py -> /home/mustafa/ros2_ws/install/my_py_pkg/lib/python3.12/site-packages/my_py_pkg
[0.721s] copying /home/mustafa/ros2_ws/build/my_py_pkg/build/lib/my_py_pkg/number_publisher.py -> /home/mustafa/ros2_ws/install/my_py_pkg/lib/python3.12/site-packages/my_py_pkg
[0.721s] byte-compiling /home/mustafa/ros2_ws/install/my_py_pkg/lib/python3.12/site-packages/my_py_pkg/led_panel.py to led_panel.cpython-312.pyc
[0.722s] byte-compiling /home/mustafa/ros2_ws/install/my_py_pkg/lib/python3.12/site-packages/my_py_pkg/add_two_ints_server.py to add_two_ints_server.cpython-312.pyc
[0.722s] byte-compiling /home/mustafa/ros2_ws/install/my_py_pkg/lib/python3.12/site-packages/my_py_pkg/robot_news_station.py to robot_news_station.cpython-312.pyc
[0.722s] byte-compiling /home/mustafa/ros2_ws/install/my_py_pkg/lib/python3.12/site-packages/my_py_pkg/number_counter.py to number_counter.cpython-312.pyc
[0.723s] byte-compiling /home/mustafa/ros2_ws/install/my_py_pkg/lib/python3.12/site-packages/my_py_pkg/hw_status_publisher.py to hw_status_publisher.cpython-312.pyc
[0.723s] byte-compiling /home/mustafa/ros2_ws/install/my_py_pkg/lib/python3.12/site-packages/my_py_pkg/template_py_node.py to template_py_node.cpython-312.pyc
[0.723s] byte-compiling /home/mustafa/ros2_ws/install/my_py_pkg/lib/python3.12/site-packages/my_py_pkg/my_first_node.py to my_first_node.cpython-312.pyc
[0.723s] byte-compiling /home/mustafa/ros2_ws/install/my_py_pkg/lib/python3.12/site-packages/my_py_pkg/__init__.py to __init__.cpython-312.pyc
[0.724s] byte-compiling /home/mustafa/ros2_ws/install/my_py_pkg/lib/python3.12/site-packages/my_py_pkg/battery_node.py to battery_node.cpython-312.pyc
[0.724s] byte-compiling /home/mustafa/ros2_ws/install/my_py_pkg/lib/python3.12/site-packages/my_py_pkg/add_two_ints_client.py to add_two_ints_client.cpython-312.pyc
[0.724s] byte-compiling /home/mustafa/ros2_ws/install/my_py_pkg/lib/python3.12/site-packages/my_py_pkg/smartphone.py to smartphone.cpython-312.pyc
[0.724s] byte-compiling /home/mustafa/ros2_ws/install/my_py_pkg/lib/python3.12/site-packages/my_py_pkg/add_two_ints_client_no_oop.py to add_two_ints_client_no_oop.cpython-312.pyc
[0.725s] byte-compiling /home/mustafa/ros2_ws/install/my_py_pkg/lib/python3.12/site-packages/my_py_pkg/number_publisher.py to number_publisher.cpython-312.pyc
[0.725s] running install_data
[0.725s] creating /home/mustafa/ros2_ws/install/my_py_pkg/share/ament_index
[0.725s] creating /home/mustafa/ros2_ws/install/my_py_pkg/share/ament_index/resource_index
[0.725s] creating /home/mustafa/ros2_ws/install/my_py_pkg/share/ament_index/resource_index/packages
[0.725s] copying resource/my_py_pkg -> /home/mustafa/ros2_ws/install/my_py_pkg/share/ament_index/resource_index/packages
[0.725s] copying package.xml -> /home/mustafa/ros2_ws/install/my_py_pkg/share/my_py_pkg
[0.725s] running install_egg_info
[0.737s] Copying ../../build/my_py_pkg/my_py_pkg.egg-info to /home/mustafa/ros2_ws/install/my_py_pkg/lib/python3.12/site-packages/my_py_pkg-0.0.0-py3.12.egg-info
[0.737s] running install_scripts
[0.816s] Installing add_two_ints_client script to /home/mustafa/ros2_ws/install/my_py_pkg/lib/my_py_pkg
[0.816s] Installing add_two_ints_client_no_oop script to /home/mustafa/ros2_ws/install/my_py_pkg/lib/my_py_pkg
[0.816s] Installing add_two_ints_server script to /home/mustafa/ros2_ws/install/my_py_pkg/lib/my_py_pkg
[0.817s] Installing hw_status_pub script to /home/mustafa/ros2_ws/install/my_py_pkg/lib/my_py_pkg
[0.817s] Installing led_panel_node script to /home/mustafa/ros2_ws/install/my_py_pkg/lib/my_py_pkg
[0.817s] Installing num_pub script to /home/mustafa/ros2_ws/install/my_py_pkg/lib/my_py_pkg
[0.817s] Installing num_sub script to /home/mustafa/ros2_ws/install/my_py_pkg/lib/my_py_pkg
[0.817s] Installing py_node script to /home/mustafa/ros2_ws/install/my_py_pkg/lib/my_py_pkg
[0.817s] Installing robot_news_station script to /home/mustafa/ros2_ws/install/my_py_pkg/lib/my_py_pkg
[0.817s] Installing smartphone script to /home/mustafa/ros2_ws/install/my_py_pkg/lib/my_py_pkg
[0.817s] writing list of installed files to '/home/mustafa/ros2_ws/build/my_py_pkg/install.log'
[0.839s] Invoked command in '/home/mustafa/ros2_ws/src/my_py_pkg' returned '0': DEBUGINFOD_URLS=https://debuginfod.ubuntu.com PYTHONPATH=/home/mustafa/ros2_ws/build/my_py_pkg/prefix_override:/usr/lib/python3/dist-packages/colcon_core/task/python/colcon_distutils_commands:/home/mustafa/ros2_ws/install/my_py_pkg/lib/python3.12/site-packages:/home/mustafa/ros2_ws/install/my_robot_interfaces/lib/python3.12/site-packages:/home/mustafa/ros2_ws/install/my_py_pkg/lib/python3.12/site-packages:/opt/ros/jazzy/lib/python3.12/site-packages /usr/bin/python3 -W ignore:setup.py install is deprecated -W ignore:easy_install command is deprecated setup.py egg_info --egg-base ../../build/my_py_pkg build --build-base /home/mustafa/ros2_ws/build/my_py_pkg/build install --record /home/mustafa/ros2_ws/build/my_py_pkg/install.log --single-version-externally-managed install_data
