[0.420s] Invoking command in '/home/mustafa/ros2_ws/src/my_py_pkg': DEBUGINFOD_URLS=https://debuginfod.ubuntu.com PYTHONPATH=/home/mustafa/ros2_ws/build/my_py_pkg/prefix_override:/usr/lib/python3/dist-packages/colcon_core/task/python/colcon_distutils_commands:/home/mustafa/ros2_ws/install/my_py_pkg/lib/python3.12/site-packages:/home/mustafa/ros2_ws/install/my_robot_interfaces/lib/python3.12/site-packages:/home/mustafa/ros2_ws/install/my_py_pkg/lib/python3.12/site-packages:/opt/ros/jazzy/lib/python3.12/site-packages /usr/bin/python3 -W ignore:setup.py install is deprecated -W ignore:easy_install command is deprecated setup.py egg_info --egg-base ../../build/my_py_pkg build --build-base /home/mustafa/ros2_ws/build/my_py_pkg/build install --record /home/mustafa/ros2_ws/build/my_py_pkg/install.log --single-version-externally-managed install_data
[0.555s] running egg_info
[0.563s] writing ../../build/my_py_pkg/my_py_pkg.egg-info/PKG-INFO
[0.563s] writing dependency_links to ../../build/my_py_pkg/my_py_pkg.egg-info/dependency_links.txt
[0.564s] writing entry points to ../../build/my_py_pkg/my_py_pkg.egg-info/entry_points.txt
[0.564s] writing requirements to ../../build/my_py_pkg/my_py_pkg.egg-info/requires.txt
[0.564s] writing top-level names to ../../build/my_py_pkg/my_py_pkg.egg-info/top_level.txt
[0.581s] reading manifest file '../../build/my_py_pkg/my_py_pkg.egg-info/SOURCES.txt'
[0.582s] writing manifest file '../../build/my_py_pkg/my_py_pkg.egg-info/SOURCES.txt'
[0.582s] running build
[0.582s] running build_py
[0.582s] copying my_py_pkg/led_panel.py -> /home/mustafa/ros2_ws/build/my_py_pkg/build/lib/my_py_pkg
[0.582s] running install
[0.585s] running install_lib
[0.595s] copying /home/mustafa/ros2_ws/build/my_py_pkg/build/lib/my_py_pkg/led_panel.py -> /home/mustafa/ros2_ws/install/my_py_pkg/lib/python3.12/site-packages/my_py_pkg
[0.595s] byte-compiling /home/mustafa/ros2_ws/install/my_py_pkg/lib/python3.12/site-packages/my_py_pkg/led_panel.py to led_panel.cpython-312.pyc
[0.596s] running install_data
[0.596s] running install_egg_info
[0.606s] removing '/home/mustafa/ros2_ws/install/my_py_pkg/lib/python3.12/site-packages/my_py_pkg-0.0.0-py3.12.egg-info' (and everything under it)
[0.606s] Copying ../../build/my_py_pkg/my_py_pkg.egg-info to /home/mustafa/ros2_ws/install/my_py_pkg/lib/python3.12/site-packages/my_py_pkg-0.0.0-py3.12.egg-info
[0.606s] running install_scripts
[0.669s] Installing add_two_ints_client script to /home/mustafa/ros2_ws/install/my_py_pkg/lib/my_py_pkg
[0.669s] Installing add_two_ints_client_no_oop script to /home/mustafa/ros2_ws/install/my_py_pkg/lib/my_py_pkg
[0.669s] Installing add_two_ints_server script to /home/mustafa/ros2_ws/install/my_py_pkg/lib/my_py_pkg
[0.669s] Installing hw_status_pub script to /home/mustafa/ros2_ws/install/my_py_pkg/lib/my_py_pkg
[0.669s] Installing led_panel_node script to /home/mustafa/ros2_ws/install/my_py_pkg/lib/my_py_pkg
[0.670s] Installing num_pub script to /home/mustafa/ros2_ws/install/my_py_pkg/lib/my_py_pkg
[0.670s] Installing num_sub script to /home/mustafa/ros2_ws/install/my_py_pkg/lib/my_py_pkg
[0.670s] Installing py_node script to /home/mustafa/ros2_ws/install/my_py_pkg/lib/my_py_pkg
[0.670s] Installing robot_news_station script to /home/mustafa/ros2_ws/install/my_py_pkg/lib/my_py_pkg
[0.670s] Installing smartphone script to /home/mustafa/ros2_ws/install/my_py_pkg/lib/my_py_pkg
[0.670s] writing list of installed files to '/home/mustafa/ros2_ws/build/my_py_pkg/install.log'
[0.686s] Invoked command in '/home/mustafa/ros2_ws/src/my_py_pkg' returned '0': DEBUGINFOD_URLS=https://debuginfod.ubuntu.com PYTHONPATH=/home/mustafa/ros2_ws/build/my_py_pkg/prefix_override:/usr/lib/python3/dist-packages/colcon_core/task/python/colcon_distutils_commands:/home/mustafa/ros2_ws/install/my_py_pkg/lib/python3.12/site-packages:/home/mustafa/ros2_ws/install/my_robot_interfaces/lib/python3.12/site-packages:/home/mustafa/ros2_ws/install/my_py_pkg/lib/python3.12/site-packages:/opt/ros/jazzy/lib/python3.12/site-packages /usr/bin/python3 -W ignore:setup.py install is deprecated -W ignore:easy_install command is deprecated setup.py egg_info --egg-base ../../build/my_py_pkg build --build-base /home/mustafa/ros2_ws/build/my_py_pkg/build install --record /home/mustafa/ros2_ws/build/my_py_pkg/install.log --single-version-externally-managed install_data
