[0.472s] Invoking command in '/home/mustafa/ros2_ws/build/turtlesim_catch_them_all': DEBUGINFOD_URLS=https://debuginfod.ubuntu.com PYTHONPATH=/home/mustafa/ros2_ws/build/turtlesim_catch_them_all/prefix_override:/usr/lib/python3/dist-packages/colcon_core/task/python/colcon_distutils_commands:/home/mustafa/ros2_ws/install/turtlesim_catch_them_all/lib/python3.12/site-packages:${PYTHONPATH} /usr/bin/python3 -W ignore:setup.py install is deprecated -W ignore:easy_install command is deprecated setup.py develop --editable --build-directory /home/mustafa/ros2_ws/build/turtlesim_catch_them_all/build --no-deps symlink_data --force
[0.639s] running develop
[0.730s] running egg_info
[0.739s] writing turtlesim_catch_them_all.egg-info/PKG-INFO
[0.744s] writing dependency_links to turtlesim_catch_them_all.egg-info/dependency_links.txt
[0.744s] writing entry points to turtlesim_catch_them_all.egg-info/entry_points.txt
[0.744s] writing requirements to turtlesim_catch_them_all.egg-info/requires.txt
[0.744s] writing top-level names to turtlesim_catch_them_all.egg-info/top_level.txt
[0.762s] reading manifest file 'turtlesim_catch_them_all.egg-info/SOURCES.txt'
[0.762s] writing manifest file 'turtlesim_catch_them_all.egg-info/SOURCES.txt'
[0.772s] running build_ext
[0.772s] Creating /home/mustafa/ros2_ws/install/turtlesim_catch_them_all/lib/python3.12/site-packages/turtlesim-catch-them-all.egg-link (link to .)
[0.772s] Installing turtle_controller script to /home/mustafa/ros2_ws/install/turtlesim_catch_them_all/lib/turtlesim_catch_them_all
[0.772s] Installing turtle_spawner script to /home/mustafa/ros2_ws/install/turtlesim_catch_them_all/lib/turtlesim_catch_them_all
[0.772s] 
[0.772s] Installed /home/mustafa/ros2_ws/build/turtlesim_catch_them_all
[0.772s] running symlink_data
[0.773s] symbolically linking /home/mustafa/ros2_ws/build/turtlesim_catch_them_all/resource/turtlesim_catch_them_all -> /home/mustafa/ros2_ws/install/turtlesim_catch_them_all/share/ament_index/resource_index/packages
[0.773s] symbolically linking /home/mustafa/ros2_ws/build/turtlesim_catch_them_all/package.xml -> /home/mustafa/ros2_ws/install/turtlesim_catch_them_all/share/turtlesim_catch_them_all
[0.790s] Invoked command in '/home/mustafa/ros2_ws/build/turtlesim_catch_them_all' returned '0': DEBUGINFOD_URLS=https://debuginfod.ubuntu.com PYTHONPATH=/home/mustafa/ros2_ws/build/turtlesim_catch_them_all/prefix_override:/usr/lib/python3/dist-packages/colcon_core/task/python/colcon_distutils_commands:/home/mustafa/ros2_ws/install/turtlesim_catch_them_all/lib/python3.12/site-packages:${PYTHONPATH} /usr/bin/python3 -W ignore:setup.py install is deprecated -W ignore:easy_install command is deprecated setup.py develop --editable --build-directory /home/mustafa/ros2_ws/build/turtlesim_catch_them_all/build --no-deps symlink_data --force
