[0.007s] Invoking command in '/home/mustafa/ros2_ws/build/my_robot_bringup': CMAKE_PREFIX_PATH=${CMAKE_PREFIX_PATH}:/home/mustafa/ros2_ws/install/my_py_pkg:/opt/ros/jazzy DEBUGINFOD_URLS=https://debuginfod.ubuntu.com /usr/bin/cmake /home/mustafa/ros2_ws/src/my_robot_bringup -DCMAKE_INSTALL_PREFIX=/home/mustafa/ros2_ws/install/my_robot_bringup
[0.018s] -- Found ament_cmake: 2.5.2 (/opt/ros/jazzy/share/ament_cmake/cmake)
[0.158s] -- Override CMake install command with custom implementation using symlinks instead of copying resources
[0.218s] -- Configuring done (0.2s)
[0.219s] -- Generating done (0.0s)
[0.220s] -- Build files have been written to: /home/mustafa/ros2_ws/build/my_robot_bringup
[0.222s] Invoked command in '/home/mustafa/ros2_ws/build/my_robot_bringup' returned '0': CMAKE_PREFIX_PATH=${CMAKE_PREFIX_PATH}:/home/mustafa/ros2_ws/install/my_py_pkg:/opt/ros/jazzy DEBUGINFOD_URLS=https://debuginfod.ubuntu.com /usr/bin/cmake /home/mustafa/ros2_ws/src/my_robot_bringup -DCMAKE_INSTALL_PREFIX=/home/mustafa/ros2_ws/install/my_robot_bringup
[0.222s] Invoking command in '/home/mustafa/ros2_ws/build/my_robot_bringup': CMAKE_PREFIX_PATH=${CMAKE_PREFIX_PATH}:/home/mustafa/ros2_ws/install/my_py_pkg:/opt/ros/jazzy DEBUGINFOD_URLS=https://debuginfod.ubuntu.com /usr/bin/cmake --build /home/mustafa/ros2_ws/build/my_robot_bringup -- -j20 -l20
[0.249s] Invoked command in '/home/mustafa/ros2_ws/build/my_robot_bringup' returned '0': CMAKE_PREFIX_PATH=${CMAKE_PREFIX_PATH}:/home/mustafa/ros2_ws/install/my_py_pkg:/opt/ros/jazzy DEBUGINFOD_URLS=https://debuginfod.ubuntu.com /usr/bin/cmake --build /home/mustafa/ros2_ws/build/my_robot_bringup -- -j20 -l20
[0.250s] Invoking command in '/home/mustafa/ros2_ws/build/my_robot_bringup': CMAKE_PREFIX_PATH=${CMAKE_PREFIX_PATH}:/home/mustafa/ros2_ws/install/my_py_pkg:/opt/ros/jazzy DEBUGINFOD_URLS=https://debuginfod.ubuntu.com /usr/bin/cmake --install /home/mustafa/ros2_ws/build/my_robot_bringup
[0.257s] -- Install configuration: ""
[0.257s] -- Execute custom install script
[0.257s] -- Up-to-date symlink: /home/mustafa/ros2_ws/install/my_robot_bringup/share/my_robot_bringup/launch/number_app.launch.py
[0.257s] -- Up-to-date symlink: /home/mustafa/ros2_ws/install/my_robot_bringup/share/ament_index/resource_index/package_run_dependencies/my_robot_bringup
[0.258s] -- Up-to-date symlink: /home/mustafa/ros2_ws/install/my_robot_bringup/share/ament_index/resource_index/parent_prefix_path/my_robot_bringup
[0.258s] -- Up-to-date symlink: /home/mustafa/ros2_ws/install/my_robot_bringup/share/my_robot_bringup/environment/ament_prefix_path.sh
[0.258s] -- Up-to-date symlink: /home/mustafa/ros2_ws/install/my_robot_bringup/share/my_robot_bringup/environment/ament_prefix_path.dsv
[0.258s] -- Up-to-date symlink: /home/mustafa/ros2_ws/install/my_robot_bringup/share/my_robot_bringup/environment/path.sh
[0.258s] -- Up-to-date symlink: /home/mustafa/ros2_ws/install/my_robot_bringup/share/my_robot_bringup/environment/path.dsv
[0.258s] -- Up-to-date symlink: /home/mustafa/ros2_ws/install/my_robot_bringup/share/my_robot_bringup/local_setup.bash
[0.258s] -- Up-to-date symlink: /home/mustafa/ros2_ws/install/my_robot_bringup/share/my_robot_bringup/local_setup.sh
[0.258s] -- Up-to-date symlink: /home/mustafa/ros2_ws/install/my_robot_bringup/share/my_robot_bringup/local_setup.zsh
[0.258s] -- Up-to-date symlink: /home/mustafa/ros2_ws/install/my_robot_bringup/share/my_robot_bringup/local_setup.dsv
[0.258s] -- Symlinking: /home/mustafa/ros2_ws/install/my_robot_bringup/share/my_robot_bringup/package.dsv
[0.265s] -- Up-to-date symlink: /home/mustafa/ros2_ws/install/my_robot_bringup/share/ament_index/resource_index/packages/my_robot_bringup
[0.265s] -- Up-to-date symlink: /home/mustafa/ros2_ws/install/my_robot_bringup/share/my_robot_bringup/cmake/my_robot_bringupConfig.cmake
[0.265s] -- Up-to-date symlink: /home/mustafa/ros2_ws/install/my_robot_bringup/share/my_robot_bringup/cmake/my_robot_bringupConfig-version.cmake
[0.265s] -- Up-to-date symlink: /home/mustafa/ros2_ws/install/my_robot_bringup/share/my_robot_bringup/package.xml
[0.266s] Invoked command in '/home/mustafa/ros2_ws/build/my_robot_bringup' returned '0': CMAKE_PREFIX_PATH=${CMAKE_PREFIX_PATH}:/home/mustafa/ros2_ws/install/my_py_pkg:/opt/ros/jazzy DEBUGINFOD_URLS=https://debuginfod.ubuntu.com /usr/bin/cmake --install /home/mustafa/ros2_ws/build/my_robot_bringup
