[0.016s] Invoking command in '/home/mustafa/ros2_ws/build/my_robot_bringup': CMAKE_PREFIX_PATH=${CMAKE_PREFIX_PATH}:/home/mustafa/ros2_ws/install/my_py_pkg:/opt/ros/jazzy DEBUGINFOD_URLS=https://debuginfod.ubuntu.com /usr/bin/cmake --build /home/mustafa/ros2_ws/build/my_robot_bringup -- -j20 -l20
[0.037s] -- Found ament_cmake: 2.5.2 (/opt/ros/jazzy/share/ament_cmake/cmake)
[0.202s] -- Override CMake install command with custom implementation using symlinks instead of copying resources
[0.262s] -- Configuring done (0.2s)
[0.263s] -- Generating done (0.0s)
[0.264s] -- Build files have been written to: /home/mustafa/ros2_ws/build/my_robot_bringup
[0.279s] Invoked command in '/home/mustafa/ros2_ws/build/my_robot_bringup' returned '0': CMAKE_PREFIX_PATH=${CMAKE_PREFIX_PATH}:/home/mustafa/ros2_ws/install/my_py_pkg:/opt/ros/jazzy DEBUGINFOD_URLS=https://debuginfod.ubuntu.com /usr/bin/cmake --build /home/mustafa/ros2_ws/build/my_robot_bringup -- -j20 -l20
[0.290s] Invoking command in '/home/mustafa/ros2_ws/build/my_robot_bringup': CMAKE_PREFIX_PATH=${CMAKE_PREFIX_PATH}:/home/mustafa/ros2_ws/install/my_py_pkg:/opt/ros/jazzy DEBUGINFOD_URLS=https://debuginfod.ubuntu.com /usr/bin/cmake --install /home/mustafa/ros2_ws/build/my_robot_bringup
[0.297s] -- Install configuration: ""
[0.297s] -- Execute custom install script
[0.297s] -- Up-to-date symlink: /home/mustafa/ros2_ws/install/my_robot_bringup/share/my_robot_bringup/launch/number_app.launch.py
[0.297s] -- Up-to-date symlink: /home/mustafa/ros2_ws/install/my_robot_bringup/share/ament_index/resource_index/package_run_dependencies/my_robot_bringup
[0.297s] -- Up-to-date symlink: /home/mustafa/ros2_ws/install/my_robot_bringup/share/ament_index/resource_index/parent_prefix_path/my_robot_bringup
[0.297s] -- Up-to-date symlink: /home/mustafa/ros2_ws/install/my_robot_bringup/share/my_robot_bringup/environment/ament_prefix_path.sh
[0.297s] -- Up-to-date symlink: /home/mustafa/ros2_ws/install/my_robot_bringup/share/my_robot_bringup/environment/ament_prefix_path.dsv
[0.297s] -- Up-to-date symlink: /home/mustafa/ros2_ws/install/my_robot_bringup/share/my_robot_bringup/environment/path.sh
[0.297s] -- Up-to-date symlink: /home/mustafa/ros2_ws/install/my_robot_bringup/share/my_robot_bringup/environment/path.dsv
[0.298s] -- Up-to-date symlink: /home/mustafa/ros2_ws/install/my_robot_bringup/share/my_robot_bringup/local_setup.bash
[0.298s] -- Up-to-date symlink: /home/mustafa/ros2_ws/install/my_robot_bringup/share/my_robot_bringup/local_setup.sh
[0.298s] -- Up-to-date symlink: /home/mustafa/ros2_ws/install/my_robot_bringup/share/my_robot_bringup/local_setup.zsh
[0.298s] -- Up-to-date symlink: /home/mustafa/ros2_ws/install/my_robot_bringup/share/my_robot_bringup/local_setup.dsv
[0.298s] -- Symlinking: /home/mustafa/ros2_ws/install/my_robot_bringup/share/my_robot_bringup/package.dsv
[0.305s] -- Up-to-date symlink: /home/mustafa/ros2_ws/install/my_robot_bringup/share/ament_index/resource_index/packages/my_robot_bringup
[0.305s] -- Up-to-date symlink: /home/mustafa/ros2_ws/install/my_robot_bringup/share/my_robot_bringup/cmake/my_robot_bringupConfig.cmake
[0.305s] -- Up-to-date symlink: /home/mustafa/ros2_ws/install/my_robot_bringup/share/my_robot_bringup/cmake/my_robot_bringupConfig-version.cmake
[0.305s] -- Up-to-date symlink: /home/mustafa/ros2_ws/install/my_robot_bringup/share/my_robot_bringup/package.xml
[0.306s] Invoked command in '/home/mustafa/ros2_ws/build/my_robot_bringup' returned '0': CMAKE_PREFIX_PATH=${CMAKE_PREFIX_PATH}:/home/mustafa/ros2_ws/install/my_py_pkg:/opt/ros/jazzy DEBUGINFOD_URLS=https://debuginfod.ubuntu.com /usr/bin/cmake --install /home/mustafa/ros2_ws/build/my_robot_bringup
