[0.010s] Invoking command in '/home/mustafa/ros2_ws/build/my_robot_bringup': CMAKE_PREFIX_PATH=${CMAKE_PREFIX_PATH}:/home/mustafa/ros2_ws/install/my_py_pkg:/opt/ros/jazzy DEBUGINFOD_URLS=https://debuginfod.ubuntu.com /usr/bin/cmake /home/mustafa/ros2_ws/src/my_robot_bringup -DAMENT_CMAKE_SYMLINK_INSTALL=1 -DCMAKE_INSTALL_PREFIX=/home/mustafa/ros2_ws/install/my_robot_bringup
[0.118s] -- The C compiler identification is GNU 13.2.0
[0.242s] -- The CXX compiler identification is GNU 13.2.0
[0.271s] -- Detecting C compiler ABI info
[0.377s] -- Detecting C compiler ABI info - done
[0.382s] -- Check for working C compiler: /usr/bin/cc - skipped
[0.383s] -- Detecting C compile features
[0.384s] -- Detecting C compile features - done
[0.392s] -- Detecting CXX compiler ABI info
[0.487s] -- Detecting CXX compiler ABI info - done
[0.493s] -- Check for working CXX compiler: /usr/bin/c++ - skipped
[0.493s] -- Detecting CXX compile features
[0.493s] -- Detecting CXX compile features - done
[0.501s] -- Found ament_cmake: 2.5.2 (/opt/ros/jazzy/share/ament_cmake/cmake)
[0.617s] -- Found Python3: /usr/bin/python3 (found version "3.12.3") found components: Interpreter 
[0.672s] -- Override CMake install command with custom implementation using symlinks instead of copying resources
[0.772s] -- Configuring done (0.8s)
[0.774s] -- Generating done (0.0s)
[0.774s] -- Build files have been written to: /home/mustafa/ros2_ws/build/my_robot_bringup
[0.778s] Invoked command in '/home/mustafa/ros2_ws/build/my_robot_bringup' returned '0': CMAKE_PREFIX_PATH=${CMAKE_PREFIX_PATH}:/home/mustafa/ros2_ws/install/my_py_pkg:/opt/ros/jazzy DEBUGINFOD_URLS=https://debuginfod.ubuntu.com /usr/bin/cmake /home/mustafa/ros2_ws/src/my_robot_bringup -DAMENT_CMAKE_SYMLINK_INSTALL=1 -DCMAKE_INSTALL_PREFIX=/home/mustafa/ros2_ws/install/my_robot_bringup
[0.779s] Invoking command in '/home/mustafa/ros2_ws/build/my_robot_bringup': CMAKE_PREFIX_PATH=${CMAKE_PREFIX_PATH}:/home/mustafa/ros2_ws/install/my_py_pkg:/opt/ros/jazzy DEBUGINFOD_URLS=https://debuginfod.ubuntu.com /usr/bin/cmake --build /home/mustafa/ros2_ws/build/my_robot_bringup -- -j20 -l20
[0.817s] Invoked command in '/home/mustafa/ros2_ws/build/my_robot_bringup' returned '0': CMAKE_PREFIX_PATH=${CMAKE_PREFIX_PATH}:/home/mustafa/ros2_ws/install/my_py_pkg:/opt/ros/jazzy DEBUGINFOD_URLS=https://debuginfod.ubuntu.com /usr/bin/cmake --build /home/mustafa/ros2_ws/build/my_robot_bringup -- -j20 -l20
[0.825s] Invoking command in '/home/mustafa/ros2_ws/build/my_robot_bringup': CMAKE_PREFIX_PATH=${CMAKE_PREFIX_PATH}:/home/mustafa/ros2_ws/install/my_py_pkg:/opt/ros/jazzy DEBUGINFOD_URLS=https://debuginfod.ubuntu.com /usr/bin/cmake --install /home/mustafa/ros2_ws/build/my_robot_bringup
[0.831s] -- Install configuration: ""
[0.831s] -- Execute custom install script
[0.831s] -- Symlinking: /home/mustafa/ros2_ws/install/my_robot_bringup/share/my_robot_bringup/launch/number_app.launch.py
[0.839s] -- Symlinking: /home/mustafa/ros2_ws/install/my_robot_bringup/share/ament_index/resource_index/package_run_dependencies/my_robot_bringup
[0.845s] -- Symlinking: /home/mustafa/ros2_ws/install/my_robot_bringup/share/ament_index/resource_index/parent_prefix_path/my_robot_bringup
[0.855s] -- Symlinking: /home/mustafa/ros2_ws/install/my_robot_bringup/share/my_robot_bringup/environment/ament_prefix_path.sh
[0.864s] -- Symlinking: /home/mustafa/ros2_ws/install/my_robot_bringup/share/my_robot_bringup/environment/ament_prefix_path.dsv
[0.871s] -- Symlinking: /home/mustafa/ros2_ws/install/my_robot_bringup/share/my_robot_bringup/environment/path.sh
[0.877s] -- Symlinking: /home/mustafa/ros2_ws/install/my_robot_bringup/share/my_robot_bringup/environment/path.dsv
[0.884s] -- Symlinking: /home/mustafa/ros2_ws/install/my_robot_bringup/share/my_robot_bringup/local_setup.bash
[0.891s] -- Symlinking: /home/mustafa/ros2_ws/install/my_robot_bringup/share/my_robot_bringup/local_setup.sh
[0.899s] -- Symlinking: /home/mustafa/ros2_ws/install/my_robot_bringup/share/my_robot_bringup/local_setup.zsh
[0.911s] -- Symlinking: /home/mustafa/ros2_ws/install/my_robot_bringup/share/my_robot_bringup/local_setup.dsv
[0.921s] -- Symlinking: /home/mustafa/ros2_ws/install/my_robot_bringup/share/my_robot_bringup/package.dsv
[0.931s] -- Symlinking: /home/mustafa/ros2_ws/install/my_robot_bringup/share/ament_index/resource_index/packages/my_robot_bringup
[0.939s] -- Symlinking: /home/mustafa/ros2_ws/install/my_robot_bringup/share/my_robot_bringup/cmake/my_robot_bringupConfig.cmake
[0.946s] -- Symlinking: /home/mustafa/ros2_ws/install/my_robot_bringup/share/my_robot_bringup/cmake/my_robot_bringupConfig-version.cmake
[0.953s] -- Symlinking: /home/mustafa/ros2_ws/install/my_robot_bringup/share/my_robot_bringup/package.xml
[0.960s] Invoked command in '/home/mustafa/ros2_ws/build/my_robot_bringup' returned '0': CMAKE_PREFIX_PATH=${CMAKE_PREFIX_PATH}:/home/mustafa/ros2_ws/install/my_py_pkg:/opt/ros/jazzy DEBUGINFOD_URLS=https://debuginfod.ubuntu.com /usr/bin/cmake --install /home/mustafa/ros2_ws/build/my_robot_bringup
